<?xml version="1.0" encoding="UTF-8"?>
<!-- Generated by org.testng.reporters.JUnitXMLReporter -->
<testsuite ignored="0" hostname="DESKTOP-8V9LRSE" failures="4" tests="8" name="Test" time="89.62" errors="0" timestamp="2022-08-29T10:13:51 BST">
  <testcase classname="Testcases.LoginTest" name="loginDDT" time="11.122"/>
  <testcase classname="Testcases.LoginTest" name="loginDDT" time="5.653">
    <failure type="java.lang.AssertionError" message="expected [true] but found [false]">
      <![CDATA[java.lang.AssertionError: expected [true] but found [false]
at Testcases.LoginTest.loginDDT(LoginTest.java:32)
at java.base/java.util.ArrayList.forEach(ArrayList.java:1511)
... Removed 31 stack frames]]>
    </failure>
  </testcase> <!-- loginDDT -->
  <testcase classname="Testcases.LoginTest" name="loginDDT" time="5.806">
    <failure type="java.lang.AssertionError" message="expected [true] but found [false]">
      <![CDATA[java.lang.AssertionError: expected [true] but found [false]
at Testcases.LoginTest.loginDDT(LoginTest.java:32)
at java.base/java.util.ArrayList.forEach(ArrayList.java:1511)
... Removed 31 stack frames]]>
    </failure>
  </testcase> <!-- loginDDT -->
  <testcase classname="Testcases.LoginTest" name="loginDDT" time="9.907">
    <failure type="java.lang.AssertionError" message="expected [true] but found [false]">
      <![CDATA[java.lang.AssertionError: expected [true] but found [false]
at Testcases.LoginTest.loginDDT(LoginTest.java:32)
at java.base/java.util.ArrayList.forEach(ArrayList.java:1511)
... Removed 31 stack frames]]>
    </failure>
  </testcase> <!-- loginDDT -->
  <testcase classname="Testcases.LoginTest" name="loginDDT" time="6.315">
    <failure type="java.lang.AssertionError" message="expected [true] but found [false]">
      <![CDATA[java.lang.AssertionError: expected [true] but found [false]
at Testcases.LoginTest.loginDDT(LoginTest.java:32)
at java.base/java.util.ArrayList.forEach(ArrayList.java:1511)
... Removed 31 stack frames]]>
    </failure>
  </testcase> <!-- loginDDT -->
  <testcase classname="Testcases.LoginTestAssert" name="loginTest" time="1.897"/>
  <testcase classname="Testcases.testNewCustomer" name="newcustomer" time="17.254"/>
  <testcase classname="Testcases.testNewCustomer" name="NewCustomerFields" time="8.536"/>
</testsuite> <!-- Test -->
